{
  "RSpec": {
    "coverage": {
      "/Users/rolando/Makers/oystercard/spec/oystercard_spec.rb": [
        1,
        null,
        1,
        null,
        1,
        1,
        null,
        null,
        1,
        1,
        null,
        null,
        1,
        1,
        2,
        null,
        null,
        1,
        1,
        1,
        null,
        null,
        1,
        1,
        null,
        null,
        1,
        1,
        1,
        null,
        null,
        1,
        1,
        null,
        null,
        1,
        1,
        1,
        1,
        1,
        null,
        null,
        1,
        2,
        null,
        null
      ],
      "/Users/rolando/Makers/oystercard/lib/oystercard.rb": [
        1,
        1,
        null,
        1,
        1,
        null,
        1,
        9,
        9,
        9,
        9,
        null,
        null,
        1,
        4,
        3,
        3,
        null,
        null,
        1,
        1,
        1,
        null,
        null,
        1,
        5,
        null,
        null,
        1,
        3,
        2,
        null,
        null,
        1,
        2,
        null,
        null,
        1,
        1,
        null,
        null,
        1,
        3,
        null,
        null,
        null
      ]
    },
    "timestamp": 1502281275
  }
}
